============================================================
  Generated by:           Genus(TM) Synthesis Solution 19.12-s121_1
  Generated on:           Feb 02 2023  10:16:35 pm
  Module:                 adder_1a
  Technology library:     saed32rvt_ss0p95v125c 1.0000000
  Operating conditions:   _nominal_ (balanced_tree)
  Wireload mode:          enclosed
  Area mode:              timing library
============================================================

Timing
-------
  Cost    Critical            Violating 
 Group   Path Slack    TNS      Paths   
----------------------------------------
default      -231.8   -975.8          5 
----------------------------------------
Total                 -975.8          5 

Instance Count
--------------
Leaf Instance Count             24 
Physical Instance count          0 
Sequential Instance Count        0 
Combinational Instance Count    24 
Hierarchical Instance Count      0 

Area
----
Cell Area                          68.873
Physical Cell Area                 0.000
Total Cell Area (Cell+Physical)    68.873
Net Area                           0.000
Total Area (Cell+Physical+Net)     68.873

Max Fanout                         5 (B[2])
Min Fanout                         1 (SUM[0])
Average Fanout                     1.9
Terms to net ratio                 2.6471
Terms to instance ratio            3.7500
Runtime                            31.86472 seconds
Elapsed Runtime                    55 seconds
Genus peak memory usage            1021.32 
Innovus peak memory usage          no_value 
Hostname                           mo.ece.pdx.edu
